C51 COMPILER V9.60.7.0   MAIN                                                              03/19/2024 16:01:54 PAGE 1   


C51 COMPILER V9.60.7.0, COMPILATION OF MODULE MAIN
OBJECT MODULE PLACED IN .\Objects\main.obj
COMPILER INVOKED BY: C:\Keil_v5\C51\BIN\C51.EXE main.c OPTIMIZE(8,SPEED) BROWSE DEBUG OBJECTEXTEND PRINT(.\Listings\main
                    -.lst) TABS(2) OBJECT(.\Objects\main.obj)

line level    source

   1          /**********************************************************
   2          EE337: ADC IC MCP3008 interfacing with pt-51
   3          (1) Complete spi_init() function from spi.h 
   4          
   5          ***********************************************************/
   6          
   7          #include <at89c5131.h>
   8          #include "lcd.h"                                        //Driver for interfacing lcd 
   9          #include "mcp3008.h"                                    //Driver for interfacing ADC ic MCP3008
  10          
  11          
  12          char adc_ip_data_ascii_1[6]={0,0,0,0,0,'\0'};             //string array for saving ascii of input sample
  13          char adc_ip_data_ascii_2[6]={0,0,0,0,0,'\0'};             //string array for saving ascii of input sample
  14          code unsigned char display_msg1[]="Volt.: ";            //Display msg on 1st line of lcd
  15          code unsigned char display_msg2[]=" mV";                //Display msg on 1st line of lcd
  16          
  17          code unsigned char display_msg3[]="Temp.: ";            //Display msg on 2nd line of lcd
  18          code unsigned char display_msg4[]=" °C";                //Display msg on 2nd line of lcd
  19          
  20          
  21          void main(void)
  22          {
  23   1        int j=0;
  24   1        unsigned int adc_data_1 = 0;
  25   1        unsigned int adc_data_2 = 0;
  26   1        
  27   1        spi_init();                                         
  28   1        adc_init();
  29   1        lcd_init();
  30   1        
  31   1        while(1)  {
  32   2          unsigned int x;
  33   2          unsigned int y  ;
  34   2           
  35   2          x = adc(4);                                         //Read analog value from 4th channel of ADC Ic MCP3008
  36   2          y = adc(3);
  37   2          
  38   2          adc_data_1 = (unsigned int) (x*3.2258);
  39   2          adc_data_2 = (unsigned int) (y*3.2258);             //Converting received 10 bits value to milli volt (3.3*100
             -0*i/p /1023)
  40   2      
  41   2          /*
  42   2              Display "Volt: " on first line of lcd
  43   2              Print analog sampled input on lcd using int_to_string function and 
  44   2              Display "XXXXX mV" on second line of LCD
  45   2          
  46   2          */  
  47   2          int_to_string(adc_data_2, adc_ip_data_ascii_2);
  48   2          int_to_string(adc_data_2, adc_ip_data_ascii_1);
  49   2          
  50   2          lcd_cmd(0x01);
  51   2          lcd_cmd(0x80);
  52   2          
  53   2          lcd_write_string(display_msg1);
C51 COMPILER V9.60.7.0   MAIN                                                              03/19/2024 16:01:54 PAGE 2   

  54   2          lcd_write_string(adc_ip_data_ascii_1);
  55   2          lcd_write_string(display_msg2);
  56   2          
  57   2          lcd_cmd(0xC0);
  58   2          lcd_write_string(display_msg3);
  59   2          lcd_write_char(adc_ip_data_ascii_1[2]);
  60   2          lcd_write_char(adc_ip_data_ascii_1[3]);
  61   2          lcd_write_char('.');
  62   2          lcd_write_char(adc_ip_data_ascii_1[4]);
  63   2          lcd_write_string(display_msg4);
  64   2          
  65   2          msdelay(300);
  66   2        }
  67   1      }


MODULE INFORMATION:   STATIC OVERLAYABLE
   CODE SIZE        =    770    ----
   CONSTANT SIZE    =     24    ----
   XDATA SIZE       =   ----    ----
   PDATA SIZE       =   ----    ----
   DATA SIZE        =     13      34
   IDATA SIZE       =   ----    ----
   BIT SIZE         =      1    ----
END OF MODULE INFORMATION.


C51 COMPILATION COMPLETE.  0 WARNING(S),  0 ERROR(S)
