A51 MACRO ASSEMBLER  Q1                                                                   01/23/2024 16:07:23 PAGE     1


MACRO ASSEMBLER A51 V8.2.7.0
OBJECT MODULE PLACED IN .\Objects\Q1.obj
ASSEMBLER INVOKED BY: C:\Keil_v5\C51\BIN\A51.EXE Q1.asm SET(SMALL) DEBUG PRINT(.\Listings\Q1.lst) OBJECT(.\Objects\Q1.ob
                      j) EP

LOC  OBJ            LINE     SOURCE

0000                   1     ORG 0H
0000 020100            2     LJMP MAIN
0100                   3     ORG 100H
0100                   4     MAIN:
0100 3130              5     CALL ADD16
0102 80FE              6     HERE: SJMP HERE
0130                   7     ORG 130H
                       8     
                       9     
                      10     
0130                  11     ADD16:
0130 E571             12     MOV A, 71H
0132 A973             13     MOV R1, 73H
0134 C3               14     CLR C
                      15     
0135 29               16     ADD A, R1
0136 F576             17     MOV 76H, A
                      18     
0138 E570             19     MOV A, 70H
013A A972             20     MOV R1, 72H
013C 39               21     ADDC A, R1
                      22     
013D F575             23     MOV 75H, A
013F 5002             24     JNC ABC
0141 0574             25     INC 74H
0143 22               26     ABC: RET
                      27     END
A51 MACRO ASSEMBLER  Q1                                                                   01/23/2024 16:07:23 PAGE     2

SYMBOL TABLE LISTING
------ ----- -------


N A M E             T Y P E  V A L U E   ATTRIBUTES

ABC. . . . . . . .  C ADDR   0143H   A   
ADD16. . . . . . .  C ADDR   0130H   A   
HERE . . . . . . .  C ADDR   0102H   A   
MAIN . . . . . . .  C ADDR   0100H   A   


REGISTER BANK(S) USED: 0 


ASSEMBLY COMPLETE.  0 WARNING(S), 0 ERROR(S)
