C51 COMPILER V9.60.7.0   MAIN                                                              03/26/2024 16:25:42 PAGE 1   


C51 COMPILER V9.60.7.0, COMPILATION OF MODULE MAIN
OBJECT MODULE PLACED IN .\Objects\main.obj
COMPILER INVOKED BY: C:\Keil_v5\C51\BIN\C51.EXE main.c OPTIMIZE(8,SPEED) BROWSE DEBUG OBJECTEXTEND PRINT(.\Listings\main
                    -.lst) TABS(2) OBJECT(.\Objects\main.obj)

line level    source

   1          #include <at89c5131.h>
   2          #include "lcd.h"    // Header file with LCD interfacing functions
   3          #include "serial.h" // Header file with UART interfacing functions
   4          
   5          int str_to_int(unsigned char *amount){
   6   1          int num = 0;
   7   1          int i = 0 ;
   8   1          for (i = 0; amount[i] != '\0'; i++) { 
   9   2              num = num * 10 + (amount[i] - 48); 
  10   2          } 
  11   1          return num;
  12   1      }
  13          
  14          void int_to_str(int num, unsigned char *str){
  15   1        int i = 0;
  16   1        int j = 0;
  17   1        char temp;
  18   1        while(num>0){
  19   2          str[i++] = '0' + num%10;
  20   2          num = num/10;
  21   2        }
  22   1        
  23   1        //reverse the string
  24   1        for(j = 0; j<i/2; j++)
  25   1        {
  26   2          temp = str[j];
  27   2          str[j] = str[i-j-1];
  28   2          str[i-j-1] = temp;
  29   2        }
  30   1        str[i] = '\0';
  31   1      }
  32              
  33            
  34          
  35          void min_notes(int amount,int* fiveh,int* oneh){
  36   1          while(amount>=500){
  37   2              *fiveh = *fiveh + 1;
  38   2              amount = amount-500;
  39   2          
  40   2          }
  41   1          while(amount>0){
  42   2              *oneh = *oneh + 1;
  43   2              amount = amount-100;
  44   2          } 
  45   1      }
  46          
  47          void initial_state(){
  48   1        transmit_string("************************\r\n");
  49   1        transmit_string("Press A for Account display and W for withdrawing cash\r\n");
  50   1        transmit_string("************************\r\n");
  51   1        
  52   1      }
  53          
  54          void account_display(int *balance1, int *balance2){
C51 COMPILER V9.60.7.0   MAIN                                                              03/26/2024 16:25:42 PAGE 2   

  55   1      
  56   1        unsigned char acc;
  57   1        
  58   1        char bal_1[7];
  59   1        char bal_2[7];
  60   1        int_to_str(*balance1,bal_1);
  61   1        int_to_str(*balance2,bal_2);
  62   1        
  63   1          
  64   1        
  65   1        transmit_string("Hello, Please enter Account Number\r\n");
  66   1        acc = receive_char();
  67   1        
  68   1        switch(acc)
  69   1            {
  70   2              case '1':
  71   2                transmit_string("Account Holder: Steven\r\n");
  72   2                transmit_string("Account Balance: ");
  73   2                transmit_string(bal_1);
  74   2                transmit_string("\r\n");
  75   2                
  76   2                break;
  77   2              
  78   2              case '2':
  79   2                transmit_string("Account Holder: Gordon\r\n");
  80   2                transmit_string("Account Balance: ");
  81   2                transmit_string(bal_2);
  82   2                transmit_string("\r\n");
  83   2                break;
  84   2                    
  85   2              default:
  86   2                transmit_string("No such account, please enter valid details\r\n");
  87   2                break;
  88   2            }
  89   1            // Go back to initial state
  90   1        initial_state();
  91   1      }
  92          
  93          void withdraw_sub(int* balance){
  94   1          unsigned char amount[7];
  95   1          int amount1;
  96   1          int fiveh = 0;
  97   1          int oneh = 0;
  98   1          unsigned char five[7];
  99   1          unsigned char one[7];
 100   1          unsigned char bal[7];
 101   1        
 102   1          transmit_string("Enter Amount, in hundreds");
 103   1          amount[0] = receive_char();
 104   1          amount[1] = receive_char();
 105   1          amount1 = 100*str_to_int(amount);
 106   1        
 107   1          min_notes(amount1,&fiveh,&oneh);
 108   1        
 109   1          int_to_str(fiveh,five);
 110   1          int_to_str(oneh,one);
 111   1          if(amount1 > *balance){
 112   2             transmit_string("Insufficient Balance");
 113   2             
 114   2          } 
 115   1          else{
 116   2          *balance = *balance - amount1;    
C51 COMPILER V9.60.7.0   MAIN                                                              03/26/2024 16:25:42 PAGE 3   

 117   2          int_to_str(*balance,bal);
 118   2        
 119   2          transmit_string("Remaining Balance : ");
 120   2          transmit_string(bal);
 121   2          transmit_string("\r\n");
 122   2          //transmit_string(bal);
 123   2          
 124   2          transmit_string("500 Notes : ");
 125   2          transmit_string(five);
 126   2          transmit_string("  100 Notes : ");
 127   2          transmit_string(one); 
 128   2          }
 129   1      }
 130          void withdraw(int* balance1,int* balance2){
 131   1        unsigned char acc;
 132   1        transmit_string("Withdraw state, enter account number\r\n");
 133   1        acc = receive_char();
 134   1        if(acc == '1'){
 135   2          withdraw_sub(balance1);   
 136   2        }
 137   1        else if(acc == '2'){
 138   2          withdraw_sub(balance2);
 139   2        }
 140   1        else{
 141   2          transmit_string("No such account exist, please enter valid details\r\n");
 142   2        }
 143   1      
 144   1        // Go back to initial state
 145   1        initial_state();
 146   1      }
 147          
 148          // Main function
 149          void main(void)
 150          {
 151   1        int balance1 = 10000;
 152   1        int balance2 = 10000;
 153   1            // Receive a character
 154   1        unsigned char ch=0;
 155   1        // Call initialization functions
 156   1        uart_init();
 157   1        initial_state();
 158   1      
 159   1        while(1)
 160   1        {
 161   2            
 162   2            ch = receive_char();
 163   2        
 164   2            switch(ch)
 165   2            {
 166   3              case 'A':
 167   3                account_display(&balance1,&balance2);
 168   3                break;
 169   3              
 170   3              case 'a':
 171   3                account_display(&balance1,&balance2);
 172   3                break;
 173   3              
 174   3              case 'W':
 175   3                withdraw(&balance1,&balance2);
 176   3                break;
 177   3              
 178   3              case 'w':
C51 COMPILER V9.60.7.0   MAIN                                                              03/26/2024 16:25:42 PAGE 4   

 179   3                withdraw(&balance1,&balance2);
 180   3                break;
 181   3                    
 182   3                    
 183   3              default:
 184   3                transmit_string("Incorrect key pressed\r\n");
 185   3                initial_state();
 186   3                break;
 187   3        
 188   3            }
 189   2            ch = receive_char();
 190   2        }
 191   1      }


MODULE INFORMATION:   STATIC OVERLAYABLE
   CODE SIZE        =   1327    ----
   CONSTANT SIZE    =    449    ----
   XDATA SIZE       =   ----    ----
   PDATA SIZE       =   ----    ----
   DATA SIZE        =   ----     105
   IDATA SIZE       =   ----    ----
   BIT SIZE         =      2    ----
END OF MODULE INFORMATION.


C51 COMPILATION COMPLETE.  0 WARNING(S),  0 ERROR(S)
