A51 MACRO ASSEMBLER  LAB_1                                                                01/30/2024 14:30:27 PAGE     1


MACRO ASSEMBLER A51 V8.2.7.0
OBJECT MODULE PLACED IN .\Objects\Lab_1.obj
ASSEMBLER INVOKED BY: C:\Keil_v5\C51\BIN\A51.EXE Lab_1.asm SET(SMALL) DEBUG PRINT(.\Listings\Lab_1.lst) OBJECT(.\Objects
                      \Lab_1.obj) EP

LOC  OBJ            LINE     SOURCE

0000                   1     ORG 0H
0000 020100            2     LJMP MAIN
0100                   3     ORG 100H
                       4     
0100                   5     MAIN:                   
0100 75500F            6     MOV 50H , #0FH
0103 75510C            7     MOV 51H , #0CH
0106 3130              8     CALL abc
0108 80FE              9     HERE: SJMP HERE
0130                  10     ORG 130H
                      11     
0130                  12     abc:
0130 E550             13     MOV A , 50H
0132 8551F0           14     MOV B , 51H
0135 A4               15     MUL AB
0136 FC               16     MOV R4 , A
0137 3141             17     ACALL xyz
0139 8552F0           18     MOV B , 52H
013C EC               19     MOV A , R4
013D 84               20     DIV AB
013E F553             21     MOV 53H , A
0140 22               22     RET
                      23     
0141                  24     xyz:
0141 E550             25     MOV A , 50H
0143 8551F0           26     MOV B , 51H
                      27     
0146                  28     S:                                   
0146 95F0             29     SUBB A , B
0148 4009             30     JC HERE1
014A 6009             31     JZ HERE2
014C AAF0             32     MOV R2 , B
014E BA00F5           33     CJNE R2 , #00H , S
0151 800F             34     JMP ENDING
                      35     
0153                  36     HERE1:    
0153 F4               37     CPL A
0154 04               38     INC A
                      39     
0155                  40     HERE2:     
0155 65F0             41     XRL A , B
0157 62F0             42     XRL B , A
0159 65F0             43     XRL A , B
015B AAF0             44     MOV R2 , B
015D BA00E6           45     CJNE R2 , #00H , S
0160 8000             46     JMP ENDING
                      47      
0162                  48     ENDING:
0162 F552             49     MOV 52H , A
0164 22               50     RET
                      51     
                      52     END
A51 MACRO ASSEMBLER  LAB_1                                                                01/30/2024 14:30:27 PAGE     2

SYMBOL TABLE LISTING
------ ----- -------


N A M E             T Y P E  V A L U E   ATTRIBUTES

ABC. . . . . . . .  C ADDR   0130H   A   
B. . . . . . . . .  D ADDR   00F0H   A   
ENDING . . . . . .  C ADDR   0162H   A   
HERE . . . . . . .  C ADDR   0108H   A   
HERE1. . . . . . .  C ADDR   0153H   A   
HERE2. . . . . . .  C ADDR   0155H   A   
MAIN . . . . . . .  C ADDR   0100H   A   
S. . . . . . . . .  C ADDR   0146H   A   
XYZ. . . . . . . .  C ADDR   0141H   A   


REGISTER BANK(S) USED: 0 


ASSEMBLY COMPLETE.  0 WARNING(S), 0 ERROR(S)
