A51 MACRO ASSEMBLER  Q2                                                                   01/23/2024 14:48:46 PAGE     1


MACRO ASSEMBLER A51 V8.2.7.0
OBJECT MODULE PLACED IN .\Objects\Q2.obj
ASSEMBLER INVOKED BY: C:\Keil_v5\C51\BIN\A51.EXE Q2.asm SET(SMALL) DEBUG PRINT(.\Listings\Q2.lst) OBJECT(.\Objects\Q2.ob
                      j) EP

LOC  OBJ            LINE     SOURCE

                       1     
0000                   2     ORG 0H
0000 020100            3     LJMP MAIN
0100                   4     ORG 100H
0100                   5     MAIN:
0100 3130              6     CALL XORSWAP
0102 80FE              7     HERE: SJMP HERE
0130                   8     ORG 130H
                       9     
                      10     
0130                  11     XORSWAP:
0130 E560             12     MOV A, 60H
0132 8561F0           13     MOV B, 61H
                      14     
0135 65F0             15     XRL A, B
0137 62F0             16     XRL B, A
0139 65F0             17     XRL A, B
                      18     
013B F560             19     MOV 60H, A
013D 85F061           20     MOV 61H, B
                      21     
0140 22               22     RET
                      23     
0141 22               24     RET
                      25     END
A51 MACRO ASSEMBLER  Q2                                                                   01/23/2024 14:48:46 PAGE     2

SYMBOL TABLE LISTING
------ ----- -------


N A M E             T Y P E  V A L U E   ATTRIBUTES

B. . . . . . . . .  D ADDR   00F0H   A   
HERE . . . . . . .  C ADDR   0102H   A   
MAIN . . . . . . .  C ADDR   0100H   A   
XORSWAP. . . . . .  C ADDR   0130H   A   


REGISTER BANK(S) USED: 0 


ASSEMBLY COMPLETE.  0 WARNING(S), 0 ERROR(S)
