C51 COMPILER V9.60.7.0   MAIN                                                              03/26/2024 14:45:57 PAGE 1   


C51 COMPILER V9.60.7.0, COMPILATION OF MODULE MAIN
OBJECT MODULE PLACED IN .\Objects\main.obj
COMPILER INVOKED BY: C:\Keil_v5\C51\BIN\C51.EXE main.c OPTIMIZE(8,SPEED) BROWSE DEBUG OBJECTEXTEND PRINT(.\Listings\main
                    -.lst) TABS(2) OBJECT(.\Objects\main.obj)

line level    source

   1          #include <at89c5131.h>
   2          #include "lcd.h"    // Header file with LCD interfacing functions
   3          #include "serial.h" // Header file with UART interfacing functions
   4          
   5          sbit LED4=P1^7;
   6          sbit LED3=P1^6;
   7          sbit LED2=P1^5;
   8          sbit LED1=P1^4;
   9          
  10          // Test function definitions
  11          /************************************************
  12          lcd_test():
  13            LCD test function that gets called when
  14            '1' is received from UART
  15            Prints "LCD Ok" on LCD. After 4 seconds
  16            LCD is cleared
  17          ************************************************/
  18          void lcd_test(void)
  19          {
  20   1         lcd_cmd(0x80);
  21   1         lcd_write_string("LCD Ok");
  22   1         msdelay(2000);
  23   1         lcd_cmd(0x01);
  24   1      } 
  25          
  26          /************************************************
  27          led_test():
  28            LED test code. Update this function
  29            to test LEDs on P1.7-P1.4 by blinking
  30            them for a few times.
  31          ************************************************/
  32          void led_test(void)
  33          {
  34   1        LED4 = '1';
  35   1        msdelay(500);
  36   1        LED4 = '0';
  37   1        LED3 = '1';
  38   1        msdelay(500);
  39   1        LED3 = '0';
  40   1        LED2 = '1';
  41   1        msdelay(500);
  42   1        LED2 = '0';
  43   1        LED1 = '1';
  44   1        msdelay(500);
  45   1        LED1 = '0';
  46   1        msdelay(500);
  47   1      }
  48          
  49          // Main function
  50          void main(void)
  51          {
  52   1        unsigned char ch=0;
  53   1        
  54   1        // Initialize port P1 for output from P1.7-P1.4
C51 COMPILER V9.60.7.0   MAIN                                                              03/26/2024 14:45:57 PAGE 2   

  55   1        P1 = 0x0F;
  56   1        
  57   1        // Call initialization functions
  58   1        lcd_init();
  59   1        uart_init();
  60   1        
  61   1        // These strings will be printed in terminal software
  62   1        transmit_string("************************\r\n");
  63   1        transmit_string("******8051 Tests********\r\n");
  64   1        transmit_string("************************\r\n");
  65   1        transmit_string("Press 1 for LCD test\r\n");
  66   1        transmit_string("Press 2 for LED test\r\n");
  67   1        
  68   1        while(1)
  69   1        {
  70   2            // Receive a character
  71   2            ch = receive_char();
  72   2          
  73   2            // Decide which test function to run based on character sent
  74   2            // Displays the string on the terminal software
  75   2            switch(ch)
  76   2            {
  77   3              case '1':
  78   3                lcd_test();
  79   3                break;
  80   3              
  81   3              case '2':
  82   3                led_test();
  83   3                break;
  84   3                    
  85   3              default:
  86   3                transmit_string("Incorrect key pressed\r\n");
  87   3                break;
  88   3            }
  89   2            msdelay(100);
  90   2        }
  91   1      }


MODULE INFORMATION:   STATIC OVERLAYABLE
   CODE SIZE        =    409    ----
   CONSTANT SIZE    =    131    ----
   XDATA SIZE       =   ----    ----
   PDATA SIZE       =   ----    ----
   DATA SIZE        =   ----       7
   IDATA SIZE       =   ----    ----
   BIT SIZE         =      2    ----
END OF MODULE INFORMATION.


C51 COMPILATION COMPLETE.  0 WARNING(S),  0 ERROR(S)
