A51 MACRO ASSEMBLER  TEMP                                                                 01/29/2024 23:17:47 PAGE     1


MACRO ASSEMBLER A51 V8.2.7.0
OBJECT MODULE PLACED IN .\Objects\temp.obj
ASSEMBLER INVOKED BY: C:\Keil_v5\C51\BIN\A51.EXE temp.asm SET(SMALL) DEBUG PRINT(.\Listings\temp.lst) OBJECT(.\Objects\t
                      emp.obj) EP

LOC  OBJ            LINE     SOURCE

0000                   1     ORG 0H
0000 020100            2     LJMP MAIN
0100                   3     ORG 100H
                       4             
0100                   5     MAIN:
0100 3130              6     CALL XYZ
0102 80FE              7     HERE: SJMP HERE
0130                   8     ORG 130H
                       9     
0130                  10     XYZ:
0130 75501B           11             MOV 50H, #1BH
0133 75510F           12             MOV 51H, #0FH
0136 E550             13             MOV A, 50H
0138 8551F0           14             MOV B, 51H
                      15             
013B                  16     S:
013B 95F0             17             SUBB A, B
013D 4009             18             JC HERE1
013F 6009             19             JZ HERE2
0141 AAF0             20             MOV R2, B
0143 BA00F5           21             CJNE R2, #00H, S
0146 800F             22             JMP ENDING
                      23     
0148                  24     HERE1:
0148 F4               25             CPL A
0149 04               26             INC A
                      27     
014A                  28     HERE2:
                      29     
014A 65F0             30             XRL A, B
014C 62F0             31             XRL B, A
014E 65F0             32             XRL A,B
0150 AAF0             33             MOV R2 , B
0152 BA00E6           34             CJNE R2 , #00H , S
0155 8000             35             JMP ENDING
                      36     
0157 F552             37     ENDING: MOV 52H , A
0159 22               38     RET
                      39     END
A51 MACRO ASSEMBLER  TEMP                                                                 01/29/2024 23:17:47 PAGE     2

SYMBOL TABLE LISTING
------ ----- -------


N A M E             T Y P E  V A L U E   ATTRIBUTES

B. . . . . . . . .  D ADDR   00F0H   A   
ENDING . . . . . .  C ADDR   0157H   A   
HERE . . . . . . .  C ADDR   0102H   A   
HERE1. . . . . . .  C ADDR   0148H   A   
HERE2. . . . . . .  C ADDR   014AH   A   
MAIN . . . . . . .  C ADDR   0100H   A   
S. . . . . . . . .  C ADDR   013BH   A   
XYZ. . . . . . . .  C ADDR   0130H   A   


REGISTER BANK(S) USED: 0 


ASSEMBLY COMPLETE.  0 WARNING(S), 0 ERROR(S)
