C51 COMPILER V9.60.7.0   Q3                                                                02/13/2024 16:50:08 PAGE 1   


C51 COMPILER V9.60.7.0, COMPILATION OF MODULE Q3
OBJECT MODULE PLACED IN .\Objects\Q3.obj
COMPILER INVOKED BY: C:\Keil_v5\C51\BIN\C51.EXE Q3.c OPTIMIZE(8,SPEED) BROWSE DEBUG OBJECTEXTEND PRINT(.\Listings\Q3.lst
                    -) TABS(2) OBJECT(.\Objects\Q3.obj)

line level    source

   1          #include <at89c5131.h>
   2          #include "lcd.h"
   3          #include <math.h>
   4          
   5          code unsigned char display_msg1[]="     Input 1:   ";           //Display msg on 1st line of lcd
   6          code unsigned char display_msg2[]="     Input 2:   "; 
   7          code unsigned char display_msg3[]="P(Class 1):";  
   8          code unsigned char display_msg4[]="P(Class 2):";  
   9          code unsigned char display_msg5[]="     Class 2    "; 
  10          
  11          
  12          
  13          void main()
  14          {
  15   1        int a_=0;
  16   1        int b_=0;
  17   1        int c_=0;
  18   1        int w0= -36;
  19   1        int w1= 5;
  20   1        int w2=7;
  21   1        int x1=0;
  22   1        int x2=0;
  23   1        int y=0;
  24   1        float z=0;
  25   1        int class=0;
  26   1        int t=0;
  27   1        P1=0x0F;
  28   1        lcd_init();
  29   1        lcd_cmd(0x80);                          //Move cursor to first line
  30   1        msdelay(4);
  31   1        lcd_write_string(display_msg1);
  32   1        msdelay(10000);
  33   1        x1=P1;
  34   1        lcd_cmd(0x01);//clear screen
  35   1        msdelay(4);
  36   1        lcd_cmd(0x02);//move cursor to first position
  37   1        msdelay(4);
  38   1        lcd_write_string(display_msg2);
  39   1        msdelay(10000);
  40   1        x2=P1;
  41   1        y=w0+(x1*w1)+(x2*w2);
  42   1        z=(1/(1+exp(-y)));
  43   1        t=(1-z)*1000;
  44   1        a_=t/100;
  45   1        b_=((t%100)/10);
  46   1        c_=t%10;
  47   1        lcd_cmd(0x01);//clear screen
  48   1        msdelay(4);
  49   1        lcd_cmd(0x02);//move cursor to first position
  50   1        msdelay(4);
  51   1        lcd_write_string(display_msg3);
  52   1        msdelay(4);
  53   1        lcd_float(a_+48,b_+48,c_+48);
  54   1        msdelay(4);
C51 COMPILER V9.60.7.0   Q3                                                                02/13/2024 16:50:08 PAGE 2   

  55   1        lcd_cmd(0xC0);                          //Move cursor to 2nd line of LCD
  56   1        msdelay(4);
  57   1        lcd_write_string(display_msg4);
  58   1        msdelay(4);
  59   1        t=(z)*1000;
  60   1        a_=t/100;
  61   1        b_=((t%100)/10);
  62   1        c_=t%10;
  63   1        lcd_float(a_+48,b_+48,c_+48);
  64   1        msdelay(10000);
  65   1      
  66   1        
  67   1      }


MODULE INFORMATION:   STATIC OVERLAYABLE
   CODE SIZE        =    665    ----
   CONSTANT SIZE    =     75    ----
   XDATA SIZE       =   ----    ----
   PDATA SIZE       =   ----    ----
   DATA SIZE        =      6      29
   IDATA SIZE       =   ----    ----
   BIT SIZE         =   ----    ----
END OF MODULE INFORMATION.


C51 COMPILATION COMPLETE.  0 WARNING(S),  0 ERROR(S)
