C51 COMPILER V9.60.7.0   Q2                                                                02/13/2024 15:33:37 PAGE 1   


C51 COMPILER V9.60.7.0, COMPILATION OF MODULE Q2
OBJECT MODULE PLACED IN .\Objects\Q2.obj
COMPILER INVOKED BY: C:\Keil_v5\C51\BIN\C51.EXE Q2.c OPTIMIZE(8,SPEED) BROWSE DEBUG OBJECTEXTEND PRINT(.\Listings\Q2.lst
                    -) TABS(2) OBJECT(.\Objects\Q2.obj)

line level    source

   1          #include <at89c5131.h>
   2          #include "lcd.h"
   3          
   4          code unsigned char display_msg1[]="     Input 1:   ";   
   5          code unsigned char display_msg2[]="     Input 2:   "; 
   6          code unsigned char display_msg3[]="   Prediction:  "; 
   7          code unsigned char display_msg4[]="     Class 1    "; 
   8          code unsigned char display_msg5[]="     Class 2    "; 
   9          
  10          void main(){
  11   1        int w_0 = -36, w_1 = 5, w_2 = 7;
  12   1        int x_1 = 0, x_2 = 0; int y = 0;
  13   1        int class = 0;
  14   1        
  15   1        P1 = 0x0F;
  16   1        lcd_init();
  17   1        lcd_cmd(0x80);                          
  18   1        msdelay(4);
  19   1        lcd_write_string(display_msg1);
  20   1        msdelay(10000);
  21   1        x_1=P1;
  22   1        
  23   1        lcd_cmd(0x01);
  24   1        
  25   1        msdelay(4);
  26   1        lcd_cmd(0x02);                          
  27   1        msdelay(4);
  28   1        lcd_write_string(display_msg2);
  29   1        msdelay(10000);
  30   1        x_2=P1;
  31   1        
  32   1        lcd_cmd(0x01);
  33   1        msdelay(4);
  34   1        lcd_write_string(display_msg3);
  35   1        
  36   1        y = w_0 + (x_1*w_1) + (x_2*w_2);
  37   1        if(y<0) {
  38   2          class = 1;
  39   2          lcd_cmd(0xC0);
  40   2          msdelay(4);
  41   2          lcd_write_string(display_msg4);
  42   2          msdelay(10000);
  43   2        } else if(y>=0) {
  44   2          class = 2;
  45   2          lcd_cmd(0xC0);
  46   2          msdelay(4);
  47   2          lcd_write_string(display_msg5);
  48   2          msdelay(100000);
  49   2        }
  50   1      }


MODULE INFORMATION:   STATIC OVERLAYABLE
   CODE SIZE        =    391    ----
C51 COMPILER V9.60.7.0   Q2                                                                02/13/2024 15:33:37 PAGE 2   

   CONSTANT SIZE    =     85    ----
   XDATA SIZE       =   ----    ----
   PDATA SIZE       =   ----    ----
   DATA SIZE        =   ----      17
   IDATA SIZE       =   ----    ----
   BIT SIZE         =   ----    ----
END OF MODULE INFORMATION.


C51 COMPILATION COMPLETE.  0 WARNING(S),  0 ERROR(S)
